[2020-05-04 14:58:06] local.ERROR: ErrorException: Creating default object from empty value in D:\Intero and Web\api-film\app\Http\Controllers\FilmController.php:144
Stack trace:
#0 D:\Intero and Web\api-film\app\Http\Controllers\FilmController.php(144): Laravel\Lumen\Application->Laravel\Lumen\Concerns\{closure}(2, 'Creating defaul...', 'D:\\Intero and W...', 144, Array)
#1 [internal function]: App\Http\Controllers\FilmController->update(Object(Laravel\Lumen\Http\Request), '8')
#2 D:\Intero and Web\api-film\vendor\illuminate\container\BoundMethod.php(33): call_user_func_array(Array, Array)
#3 D:\Intero and Web\api-film\vendor\illuminate\container\Util.php(36): Illuminate\Container\BoundMethod::Illuminate\Container\{closure}()
#4 D:\Intero and Web\api-film\vendor\illuminate\container\BoundMethod.php(91): Illuminate\Container\Util::unwrapIfClosure(Object(Closure))
#5 D:\Intero and Web\api-film\vendor\illuminate\container\BoundMethod.php(35): Illuminate\Container\BoundMethod::callBoundMethod(Object(Laravel\Lumen\Application), Array, Object(Closure))
#6 D:\Intero and Web\api-film\vendor\illuminate\container\Container.php(592): Illuminate\Container\BoundMethod::call(Object(Laravel\Lumen\Application), Array, Array, NULL)
#7 D:\Intero and Web\api-film\vendor\laravel\lumen-framework\src\Concerns\RoutesRequests.php(376): Illuminate\Container\Container->call(Array, Array)
#8 D:\Intero and Web\api-film\vendor\laravel\lumen-framework\src\Concerns\RoutesRequests.php(342): Laravel\Lumen\Application->callControllerCallable(Array, Array)
#9 D:\Intero and Web\api-film\vendor\laravel\lumen-framework\src\Concerns\RoutesRequests.php(316): Laravel\Lumen\Application->callLumenController(Object(App\Http\Controllers\FilmController), 'update', Array)
#10 D:\Intero and Web\api-film\vendor\laravel\lumen-framework\src\Concerns\RoutesRequests.php(278): Laravel\Lumen\Application->callControllerAction(Array)
#11 D:\Intero and Web\api-film\vendor\laravel\lumen-framework\src\Concerns\RoutesRequests.php(263): Laravel\Lumen\Application->callActionOnArrayBasedRoute(Array)
#12 D:\Intero and Web\api-film\vendor\laravel\lumen-framework\src\Concerns\RoutesRequests.php(233): Laravel\Lumen\Application->handleFoundRoute(Array)
#13 D:\Intero and Web\api-film\vendor\laravel\lumen-framework\src\Concerns\RoutesRequests.php(169): Laravel\Lumen\Application->handleDispatcherResponse(Array)
#14 [internal function]: Laravel\Lumen\Application->Laravel\Lumen\Concerns\{closure}(Object(Laravel\Lumen\Http\Request))
#15 D:\Intero and Web\api-film\vendor\laravel\lumen-framework\src\Routing\Pipeline.php(48): call_user_func(Object(Closure), Object(Laravel\Lumen\Http\Request))
#16 D:\Intero and Web\api-film\app\Http\Middleware\CorsMiddleware.php(30): Laravel\Lumen\Routing\Pipeline->Laravel\Lumen\Routing\{closure}(Object(Laravel\Lumen\Http\Request))
#17 D:\Intero and Web\api-film\vendor\illuminate\pipeline\Pipeline.php(167): App\Http\Middleware\CorsMiddleware->handle(Object(Laravel\Lumen\Http\Request), Object(Closure))
#18 [internal function]: Illuminate\Pipeline\Pipeline->Illuminate\Pipeline\{closure}(Object(Laravel\Lumen\Http\Request))
#19 D:\Intero and Web\api-film\vendor\laravel\lumen-framework\src\Routing\Pipeline.php(30): call_user_func(Object(Closure), Object(Laravel\Lumen\Http\Request))
#20 D:\Intero and Web\api-film\app\Http\Middleware\ExampleMiddleware.php(18): Laravel\Lumen\Routing\Pipeline->Laravel\Lumen\Routing\{closure}(Object(Laravel\Lumen\Http\Request))
#21 D:\Intero and Web\api-film\vendor\illuminate\pipeline\Pipeline.php(167): App\Http\Middleware\ExampleMiddleware->handle(Object(Laravel\Lumen\Http\Request), Object(Closure))
#22 [internal function]: Illuminate\Pipeline\Pipeline->Illuminate\Pipeline\{closure}(Object(Laravel\Lumen\Http\Request))
#23 D:\Intero and Web\api-film\vendor\laravel\lumen-framework\src\Routing\Pipeline.php(30): call_user_func(Object(Closure), Object(Laravel\Lumen\Http\Request))
#24 D:\Intero and Web\api-film\vendor\illuminate\pipeline\Pipeline.php(103): Laravel\Lumen\Routing\Pipeline->Laravel\Lumen\Routing\{closure}(Object(Laravel\Lumen\Http\Request))
#25 D:\Intero and Web\api-film\vendor\laravel\lumen-framework\src\Concerns\RoutesRequests.php(413): Illuminate\Pipeline\Pipeline->then(Object(Closure))
#26 D:\Intero and Web\api-film\vendor\laravel\lumen-framework\src\Concerns\RoutesRequests.php(171): Laravel\Lumen\Application->sendThroughPipeline(Array, Object(Closure))
#27 D:\Intero and Web\api-film\vendor\laravel\lumen-framework\src\Concerns\RoutesRequests.php(108): Laravel\Lumen\Application->dispatch(NULL)
#28 D:\Intero and Web\api-film\public\index.php(28): Laravel\Lumen\Application->run()
#29 {main} {"exception":"[object] (ErrorException(code: 0): Creating default object from empty value at D:\\Intero and Web\\api-film\\app\\Http\\Controllers\\FilmController.php:144)
[stacktrace]
#0 D:\\Intero and Web\\api-film\\app\\Http\\Controllers\\FilmController.php(144): Laravel\\Lumen\\Application->Laravel\\Lumen\\Concerns\\{closure}(2, 'Creating defaul...', 'D:\\\\Intero and W...', 144, Array)
#1 [internal function]: App\\Http\\Controllers\\FilmController->update(Object(Laravel\\Lumen\\Http\\Request), '8')
#2 D:\\Intero and Web\\api-film\\vendor\\illuminate\\container\\BoundMethod.php(33): call_user_func_array(Array, Array)
#3 D:\\Intero and Web\\api-film\\vendor\\illuminate\\container\\Util.php(36): Illuminate\\Container\\BoundMethod::Illuminate\\Container\\{closure}()
#4 D:\\Intero and Web\\api-film\\vendor\\illuminate\\container\\BoundMethod.php(91): Illuminate\\Container\\Util::unwrapIfClosure(Object(Closure))
#5 D:\\Intero and Web\\api-film\\vendor\\illuminate\\container\\BoundMethod.php(35): Illuminate\\Container\\BoundMethod::callBoundMethod(Object(Laravel\\Lumen\\Application), Array, Object(Closure))
#6 D:\\Intero and Web\\api-film\\vendor\\illuminate\\container\\Container.php(592): Illuminate\\Container\\BoundMethod::call(Object(Laravel\\Lumen\\Application), Array, Array, NULL)
#7 D:\\Intero and Web\\api-film\\vendor\\laravel\\lumen-framework\\src\\Concerns\\RoutesRequests.php(376): Illuminate\\Container\\Container->call(Array, Array)
#8 D:\\Intero and Web\\api-film\\vendor\\laravel\\lumen-framework\\src\\Concerns\\RoutesRequests.php(342): Laravel\\Lumen\\Application->callControllerCallable(Array, Array)
#9 D:\\Intero and Web\\api-film\\vendor\\laravel\\lumen-framework\\src\\Concerns\\RoutesRequests.php(316): Laravel\\Lumen\\Application->callLumenController(Object(App\\Http\\Controllers\\FilmController), 'update', Array)
#10 D:\\Intero and Web\\api-film\\vendor\\laravel\\lumen-framework\\src\\Concerns\\RoutesRequests.php(278): Laravel\\Lumen\\Application->callControllerAction(Array)
#11 D:\\Intero and Web\\api-film\\vendor\\laravel\\lumen-framework\\src\\Concerns\\RoutesRequests.php(263): Laravel\\Lumen\\Application->callActionOnArrayBasedRoute(Array)
#12 D:\\Intero and Web\\api-film\\vendor\\laravel\\lumen-framework\\src\\Concerns\\RoutesRequests.php(233): Laravel\\Lumen\\Application->handleFoundRoute(Array)
#13 D:\\Intero and Web\\api-film\\vendor\\laravel\\lumen-framework\\src\\Concerns\\RoutesRequests.php(169): Laravel\\Lumen\\Application->handleDispatcherResponse(Array)
#14 [internal function]: Laravel\\Lumen\\Application->Laravel\\Lumen\\Concerns\\{closure}(Object(Laravel\\Lumen\\Http\\Request))
#15 D:\\Intero and Web\\api-film\\vendor\\laravel\\lumen-framework\\src\\Routing\\Pipeline.php(48): call_user_func(Object(Closure), Object(Laravel\\Lumen\\Http\\Request))
#16 D:\\Intero and Web\\api-film\\app\\Http\\Middleware\\CorsMiddleware.php(30): Laravel\\Lumen\\Routing\\Pipeline->Laravel\\Lumen\\Routing\\{closure}(Object(Laravel\\Lumen\\Http\\Request))
#17 D:\\Intero and Web\\api-film\\vendor\\illuminate\\pipeline\\Pipeline.php(167): App\\Http\\Middleware\\CorsMiddleware->handle(Object(Laravel\\Lumen\\Http\\Request), Object(Closure))
#18 [internal function]: Illuminate\\Pipeline\\Pipeline->Illuminate\\Pipeline\\{closure}(Object(Laravel\\Lumen\\Http\\Request))
#19 D:\\Intero and Web\\api-film\\vendor\\laravel\\lumen-framework\\src\\Routing\\Pipeline.php(30): call_user_func(Object(Closure), Object(Laravel\\Lumen\\Http\\Request))
#20 D:\\Intero and Web\\api-film\\app\\Http\\Middleware\\ExampleMiddleware.php(18): Laravel\\Lumen\\Routing\\Pipeline->Laravel\\Lumen\\Routing\\{closure}(Object(Laravel\\Lumen\\Http\\Request))
#21 D:\\Intero and Web\\api-film\\vendor\\illuminate\\pipeline\\Pipeline.php(167): App\\Http\\Middleware\\ExampleMiddleware->handle(Object(Laravel\\Lumen\\Http\\Request), Object(Closure))
#22 [internal function]: Illuminate\\Pipeline\\Pipeline->Illuminate\\Pipeline\\{closure}(Object(Laravel\\Lumen\\Http\\Request))
#23 D:\\Intero and Web\\api-film\\vendor\\laravel\\lumen-framework\\src\\Routing\\Pipeline.php(30): call_user_func(Object(Closure), Object(Laravel\\Lumen\\Http\\Request))
#24 D:\\Intero and Web\\api-film\\vendor\\illuminate\\pipeline\\Pipeline.php(103): Laravel\\Lumen\\Routing\\Pipeline->Laravel\\Lumen\\Routing\\{closure}(Object(Laravel\\Lumen\\Http\\Request))
#25 D:\\Intero and Web\\api-film\\vendor\\laravel\\lumen-framework\\src\\Concerns\\RoutesRequests.php(413): Illuminate\\Pipeline\\Pipeline->then(Object(Closure))
#26 D:\\Intero and Web\\api-film\\vendor\\laravel\\lumen-framework\\src\\Concerns\\RoutesRequests.php(171): Laravel\\Lumen\\Application->sendThroughPipeline(Array, Object(Closure))
#27 D:\\Intero and Web\\api-film\\vendor\\laravel\\lumen-framework\\src\\Concerns\\RoutesRequests.php(108): Laravel\\Lumen\\Application->dispatch(NULL)
#28 D:\\Intero and Web\\api-film\\public\\index.php(28): Laravel\\Lumen\\Application->run()
#29 {main}
"} 
[2020-05-04 14:58:38] local.ERROR: ErrorException: Creating default object from empty value in D:\Intero and Web\api-film\app\Http\Controllers\FilmController.php:144
Stack trace:
#0 D:\Intero and Web\api-film\app\Http\Controllers\FilmController.php(144): Laravel\Lumen\Application->Laravel\Lumen\Concerns\{closure}(2, 'Creating defaul...', 'D:\\Intero and W...', 144, Array)
#1 [internal function]: App\Http\Controllers\FilmController->update(Object(Laravel\Lumen\Http\Request), '8')
#2 D:\Intero and Web\api-film\vendor\illuminate\container\BoundMethod.php(33): call_user_func_array(Array, Array)
#3 D:\Intero and Web\api-film\vendor\illuminate\container\Util.php(36): Illuminate\Container\BoundMethod::Illuminate\Container\{closure}()
#4 D:\Intero and Web\api-film\vendor\illuminate\container\BoundMethod.php(91): Illuminate\Container\Util::unwrapIfClosure(Object(Closure))
#5 D:\Intero and Web\api-film\vendor\illuminate\container\BoundMethod.php(35): Illuminate\Container\BoundMethod::callBoundMethod(Object(Laravel\Lumen\Application), Array, Object(Closure))
#6 D:\Intero and Web\api-film\vendor\illuminate\container\Container.php(592): Illuminate\Container\BoundMethod::call(Object(Laravel\Lumen\Application), Array, Array, NULL)
#7 D:\Intero and Web\api-film\vendor\laravel\lumen-framework\src\Concerns\RoutesRequests.php(376): Illuminate\Container\Container->call(Array, Array)
#8 D:\Intero and Web\api-film\vendor\laravel\lumen-framework\src\Concerns\RoutesRequests.php(342): Laravel\Lumen\Application->callControllerCallable(Array, Array)
#9 D:\Intero and Web\api-film\vendor\laravel\lumen-framework\src\Concerns\RoutesRequests.php(316): Laravel\Lumen\Application->callLumenController(Object(App\Http\Controllers\FilmController), 'update', Array)
#10 D:\Intero and Web\api-film\vendor\laravel\lumen-framework\src\Concerns\RoutesRequests.php(278): Laravel\Lumen\Application->callControllerAction(Array)
#11 D:\Intero and Web\api-film\vendor\laravel\lumen-framework\src\Concerns\RoutesRequests.php(263): Laravel\Lumen\Application->callActionOnArrayBasedRoute(Array)
#12 D:\Intero and Web\api-film\vendor\laravel\lumen-framework\src\Concerns\RoutesRequests.php(233): Laravel\Lumen\Application->handleFoundRoute(Array)
#13 D:\Intero and Web\api-film\vendor\laravel\lumen-framework\src\Concerns\RoutesRequests.php(169): Laravel\Lumen\Application->handleDispatcherResponse(Array)
#14 [internal function]: Laravel\Lumen\Application->Laravel\Lumen\Concerns\{closure}(Object(Laravel\Lumen\Http\Request))
#15 D:\Intero and Web\api-film\vendor\laravel\lumen-framework\src\Routing\Pipeline.php(48): call_user_func(Object(Closure), Object(Laravel\Lumen\Http\Request))
#16 D:\Intero and Web\api-film\app\Http\Middleware\CorsMiddleware.php(30): Laravel\Lumen\Routing\Pipeline->Laravel\Lumen\Routing\{closure}(Object(Laravel\Lumen\Http\Request))
#17 D:\Intero and Web\api-film\vendor\illuminate\pipeline\Pipeline.php(167): App\Http\Middleware\CorsMiddleware->handle(Object(Laravel\Lumen\Http\Request), Object(Closure))
#18 [internal function]: Illuminate\Pipeline\Pipeline->Illuminate\Pipeline\{closure}(Object(Laravel\Lumen\Http\Request))
#19 D:\Intero and Web\api-film\vendor\laravel\lumen-framework\src\Routing\Pipeline.php(30): call_user_func(Object(Closure), Object(Laravel\Lumen\Http\Request))
#20 D:\Intero and Web\api-film\app\Http\Middleware\ExampleMiddleware.php(18): Laravel\Lumen\Routing\Pipeline->Laravel\Lumen\Routing\{closure}(Object(Laravel\Lumen\Http\Request))
#21 D:\Intero and Web\api-film\vendor\illuminate\pipeline\Pipeline.php(167): App\Http\Middleware\ExampleMiddleware->handle(Object(Laravel\Lumen\Http\Request), Object(Closure))
#22 [internal function]: Illuminate\Pipeline\Pipeline->Illuminate\Pipeline\{closure}(Object(Laravel\Lumen\Http\Request))
#23 D:\Intero and Web\api-film\vendor\laravel\lumen-framework\src\Routing\Pipeline.php(30): call_user_func(Object(Closure), Object(Laravel\Lumen\Http\Request))
#24 D:\Intero and Web\api-film\vendor\illuminate\pipeline\Pipeline.php(103): Laravel\Lumen\Routing\Pipeline->Laravel\Lumen\Routing\{closure}(Object(Laravel\Lumen\Http\Request))
#25 D:\Intero and Web\api-film\vendor\laravel\lumen-framework\src\Concerns\RoutesRequests.php(413): Illuminate\Pipeline\Pipeline->then(Object(Closure))
#26 D:\Intero and Web\api-film\vendor\laravel\lumen-framework\src\Concerns\RoutesRequests.php(171): Laravel\Lumen\Application->sendThroughPipeline(Array, Object(Closure))
#27 D:\Intero and Web\api-film\vendor\laravel\lumen-framework\src\Concerns\RoutesRequests.php(108): Laravel\Lumen\Application->dispatch(NULL)
#28 D:\Intero and Web\api-film\public\index.php(28): Laravel\Lumen\Application->run()
#29 {main} {"exception":"[object] (ErrorException(code: 0): Creating default object from empty value at D:\\Intero and Web\\api-film\\app\\Http\\Controllers\\FilmController.php:144)
[stacktrace]
#0 D:\\Intero and Web\\api-film\\app\\Http\\Controllers\\FilmController.php(144): Laravel\\Lumen\\Application->Laravel\\Lumen\\Concerns\\{closure}(2, 'Creating defaul...', 'D:\\\\Intero and W...', 144, Array)
#1 [internal function]: App\\Http\\Controllers\\FilmController->update(Object(Laravel\\Lumen\\Http\\Request), '8')
#2 D:\\Intero and Web\\api-film\\vendor\\illuminate\\container\\BoundMethod.php(33): call_user_func_array(Array, Array)
#3 D:\\Intero and Web\\api-film\\vendor\\illuminate\\container\\Util.php(36): Illuminate\\Container\\BoundMethod::Illuminate\\Container\\{closure}()
#4 D:\\Intero and Web\\api-film\\vendor\\illuminate\\container\\BoundMethod.php(91): Illuminate\\Container\\Util::unwrapIfClosure(Object(Closure))
#5 D:\\Intero and Web\\api-film\\vendor\\illuminate\\container\\BoundMethod.php(35): Illuminate\\Container\\BoundMethod::callBoundMethod(Object(Laravel\\Lumen\\Application), Array, Object(Closure))
#6 D:\\Intero and Web\\api-film\\vendor\\illuminate\\container\\Container.php(592): Illuminate\\Container\\BoundMethod::call(Object(Laravel\\Lumen\\Application), Array, Array, NULL)
#7 D:\\Intero and Web\\api-film\\vendor\\laravel\\lumen-framework\\src\\Concerns\\RoutesRequests.php(376): Illuminate\\Container\\Container->call(Array, Array)
#8 D:\\Intero and Web\\api-film\\vendor\\laravel\\lumen-framework\\src\\Concerns\\RoutesRequests.php(342): Laravel\\Lumen\\Application->callControllerCallable(Array, Array)
#9 D:\\Intero and Web\\api-film\\vendor\\laravel\\lumen-framework\\src\\Concerns\\RoutesRequests.php(316): Laravel\\Lumen\\Application->callLumenController(Object(App\\Http\\Controllers\\FilmController), 'update', Array)
#10 D:\\Intero and Web\\api-film\\vendor\\laravel\\lumen-framework\\src\\Concerns\\RoutesRequests.php(278): Laravel\\Lumen\\Application->callControllerAction(Array)
#11 D:\\Intero and Web\\api-film\\vendor\\laravel\\lumen-framework\\src\\Concerns\\RoutesRequests.php(263): Laravel\\Lumen\\Application->callActionOnArrayBasedRoute(Array)
#12 D:\\Intero and Web\\api-film\\vendor\\laravel\\lumen-framework\\src\\Concerns\\RoutesRequests.php(233): Laravel\\Lumen\\Application->handleFoundRoute(Array)
#13 D:\\Intero and Web\\api-film\\vendor\\laravel\\lumen-framework\\src\\Concerns\\RoutesRequests.php(169): Laravel\\Lumen\\Application->handleDispatcherResponse(Array)
#14 [internal function]: Laravel\\Lumen\\Application->Laravel\\Lumen\\Concerns\\{closure}(Object(Laravel\\Lumen\\Http\\Request))
#15 D:\\Intero and Web\\api-film\\vendor\\laravel\\lumen-framework\\src\\Routing\\Pipeline.php(48): call_user_func(Object(Closure), Object(Laravel\\Lumen\\Http\\Request))
#16 D:\\Intero and Web\\api-film\\app\\Http\\Middleware\\CorsMiddleware.php(30): Laravel\\Lumen\\Routing\\Pipeline->Laravel\\Lumen\\Routing\\{closure}(Object(Laravel\\Lumen\\Http\\Request))
#17 D:\\Intero and Web\\api-film\\vendor\\illuminate\\pipeline\\Pipeline.php(167): App\\Http\\Middleware\\CorsMiddleware->handle(Object(Laravel\\Lumen\\Http\\Request), Object(Closure))
#18 [internal function]: Illuminate\\Pipeline\\Pipeline->Illuminate\\Pipeline\\{closure}(Object(Laravel\\Lumen\\Http\\Request))
#19 D:\\Intero and Web\\api-film\\vendor\\laravel\\lumen-framework\\src\\Routing\\Pipeline.php(30): call_user_func(Object(Closure), Object(Laravel\\Lumen\\Http\\Request))
#20 D:\\Intero and Web\\api-film\\app\\Http\\Middleware\\ExampleMiddleware.php(18): Laravel\\Lumen\\Routing\\Pipeline->Laravel\\Lumen\\Routing\\{closure}(Object(Laravel\\Lumen\\Http\\Request))
#21 D:\\Intero and Web\\api-film\\vendor\\illuminate\\pipeline\\Pipeline.php(167): App\\Http\\Middleware\\ExampleMiddleware->handle(Object(Laravel\\Lumen\\Http\\Request), Object(Closure))
#22 [internal function]: Illuminate\\Pipeline\\Pipeline->Illuminate\\Pipeline\\{closure}(Object(Laravel\\Lumen\\Http\\Request))
#23 D:\\Intero and Web\\api-film\\vendor\\laravel\\lumen-framework\\src\\Routing\\Pipeline.php(30): call_user_func(Object(Closure), Object(Laravel\\Lumen\\Http\\Request))
#24 D:\\Intero and Web\\api-film\\vendor\\illuminate\\pipeline\\Pipeline.php(103): Laravel\\Lumen\\Routing\\Pipeline->Laravel\\Lumen\\Routing\\{closure}(Object(Laravel\\Lumen\\Http\\Request))
#25 D:\\Intero and Web\\api-film\\vendor\\laravel\\lumen-framework\\src\\Concerns\\RoutesRequests.php(413): Illuminate\\Pipeline\\Pipeline->then(Object(Closure))
#26 D:\\Intero and Web\\api-film\\vendor\\laravel\\lumen-framework\\src\\Concerns\\RoutesRequests.php(171): Laravel\\Lumen\\Application->sendThroughPipeline(Array, Object(Closure))
#27 D:\\Intero and Web\\api-film\\vendor\\laravel\\lumen-framework\\src\\Concerns\\RoutesRequests.php(108): Laravel\\Lumen\\Application->dispatch(NULL)
#28 D:\\Intero and Web\\api-film\\public\\index.php(28): Laravel\\Lumen\\Application->run()
#29 {main}
"} 
[2020-05-04 14:59:37] local.ERROR: ErrorException: Creating default object from empty value in D:\Intero and Web\api-film\app\Http\Controllers\FilmController.php:144
Stack trace:
#0 D:\Intero and Web\api-film\app\Http\Controllers\FilmController.php(144): Laravel\Lumen\Application->Laravel\Lumen\Concerns\{closure}(2, 'Creating defaul...', 'D:\\Intero and W...', 144, Array)
#1 [internal function]: App\Http\Controllers\FilmController->update(Object(Laravel\Lumen\Http\Request), '8')
#2 D:\Intero and Web\api-film\vendor\illuminate\container\BoundMethod.php(33): call_user_func_array(Array, Array)
#3 D:\Intero and Web\api-film\vendor\illuminate\container\Util.php(36): Illuminate\Container\BoundMethod::Illuminate\Container\{closure}()
#4 D:\Intero and Web\api-film\vendor\illuminate\container\BoundMethod.php(91): Illuminate\Container\Util::unwrapIfClosure(Object(Closure))
#5 D:\Intero and Web\api-film\vendor\illuminate\container\BoundMethod.php(35): Illuminate\Container\BoundMethod::callBoundMethod(Object(Laravel\Lumen\Application), Array, Object(Closure))
#6 D:\Intero and Web\api-film\vendor\illuminate\container\Container.php(592): Illuminate\Container\BoundMethod::call(Object(Laravel\Lumen\Application), Array, Array, NULL)
#7 D:\Intero and Web\api-film\vendor\laravel\lumen-framework\src\Concerns\RoutesRequests.php(376): Illuminate\Container\Container->call(Array, Array)
#8 D:\Intero and Web\api-film\vendor\laravel\lumen-framework\src\Concerns\RoutesRequests.php(342): Laravel\Lumen\Application->callControllerCallable(Array, Array)
#9 D:\Intero and Web\api-film\vendor\laravel\lumen-framework\src\Concerns\RoutesRequests.php(316): Laravel\Lumen\Application->callLumenController(Object(App\Http\Controllers\FilmController), 'update', Array)
#10 D:\Intero and Web\api-film\vendor\laravel\lumen-framework\src\Concerns\RoutesRequests.php(278): Laravel\Lumen\Application->callControllerAction(Array)
#11 D:\Intero and Web\api-film\vendor\laravel\lumen-framework\src\Concerns\RoutesRequests.php(263): Laravel\Lumen\Application->callActionOnArrayBasedRoute(Array)
#12 D:\Intero and Web\api-film\vendor\laravel\lumen-framework\src\Concerns\RoutesRequests.php(233): Laravel\Lumen\Application->handleFoundRoute(Array)
#13 D:\Intero and Web\api-film\vendor\laravel\lumen-framework\src\Concerns\RoutesRequests.php(169): Laravel\Lumen\Application->handleDispatcherResponse(Array)
#14 [internal function]: Laravel\Lumen\Application->Laravel\Lumen\Concerns\{closure}(Object(Laravel\Lumen\Http\Request))
#15 D:\Intero and Web\api-film\vendor\laravel\lumen-framework\src\Routing\Pipeline.php(48): call_user_func(Object(Closure), Object(Laravel\Lumen\Http\Request))
#16 D:\Intero and Web\api-film\app\Http\Middleware\CorsMiddleware.php(30): Laravel\Lumen\Routing\Pipeline->Laravel\Lumen\Routing\{closure}(Object(Laravel\Lumen\Http\Request))
#17 D:\Intero and Web\api-film\vendor\illuminate\pipeline\Pipeline.php(167): App\Http\Middleware\CorsMiddleware->handle(Object(Laravel\Lumen\Http\Request), Object(Closure))
#18 [internal function]: Illuminate\Pipeline\Pipeline->Illuminate\Pipeline\{closure}(Object(Laravel\Lumen\Http\Request))
#19 D:\Intero and Web\api-film\vendor\laravel\lumen-framework\src\Routing\Pipeline.php(30): call_user_func(Object(Closure), Object(Laravel\Lumen\Http\Request))
#20 D:\Intero and Web\api-film\app\Http\Middleware\ExampleMiddleware.php(18): Laravel\Lumen\Routing\Pipeline->Laravel\Lumen\Routing\{closure}(Object(Laravel\Lumen\Http\Request))
#21 D:\Intero and Web\api-film\vendor\illuminate\pipeline\Pipeline.php(167): App\Http\Middleware\ExampleMiddleware->handle(Object(Laravel\Lumen\Http\Request), Object(Closure))
#22 [internal function]: Illuminate\Pipeline\Pipeline->Illuminate\Pipeline\{closure}(Object(Laravel\Lumen\Http\Request))
#23 D:\Intero and Web\api-film\vendor\laravel\lumen-framework\src\Routing\Pipeline.php(30): call_user_func(Object(Closure), Object(Laravel\Lumen\Http\Request))
#24 D:\Intero and Web\api-film\vendor\illuminate\pipeline\Pipeline.php(103): Laravel\Lumen\Routing\Pipeline->Laravel\Lumen\Routing\{closure}(Object(Laravel\Lumen\Http\Request))
#25 D:\Intero and Web\api-film\vendor\laravel\lumen-framework\src\Concerns\RoutesRequests.php(413): Illuminate\Pipeline\Pipeline->then(Object(Closure))
#26 D:\Intero and Web\api-film\vendor\laravel\lumen-framework\src\Concerns\RoutesRequests.php(171): Laravel\Lumen\Application->sendThroughPipeline(Array, Object(Closure))
#27 D:\Intero and Web\api-film\vendor\laravel\lumen-framework\src\Concerns\RoutesRequests.php(108): Laravel\Lumen\Application->dispatch(NULL)
#28 D:\Intero and Web\api-film\public\index.php(28): Laravel\Lumen\Application->run()
#29 {main} {"exception":"[object] (ErrorException(code: 0): Creating default object from empty value at D:\\Intero and Web\\api-film\\app\\Http\\Controllers\\FilmController.php:144)
[stacktrace]
#0 D:\\Intero and Web\\api-film\\app\\Http\\Controllers\\FilmController.php(144): Laravel\\Lumen\\Application->Laravel\\Lumen\\Concerns\\{closure}(2, 'Creating defaul...', 'D:\\\\Intero and W...', 144, Array)
#1 [internal function]: App\\Http\\Controllers\\FilmController->update(Object(Laravel\\Lumen\\Http\\Request), '8')
#2 D:\\Intero and Web\\api-film\\vendor\\illuminate\\container\\BoundMethod.php(33): call_user_func_array(Array, Array)
#3 D:\\Intero and Web\\api-film\\vendor\\illuminate\\container\\Util.php(36): Illuminate\\Container\\BoundMethod::Illuminate\\Container\\{closure}()
#4 D:\\Intero and Web\\api-film\\vendor\\illuminate\\container\\BoundMethod.php(91): Illuminate\\Container\\Util::unwrapIfClosure(Object(Closure))
#5 D:\\Intero and Web\\api-film\\vendor\\illuminate\\container\\BoundMethod.php(35): Illuminate\\Container\\BoundMethod::callBoundMethod(Object(Laravel\\Lumen\\Application), Array, Object(Closure))
#6 D:\\Intero and Web\\api-film\\vendor\\illuminate\\container\\Container.php(592): Illuminate\\Container\\BoundMethod::call(Object(Laravel\\Lumen\\Application), Array, Array, NULL)
#7 D:\\Intero and Web\\api-film\\vendor\\laravel\\lumen-framework\\src\\Concerns\\RoutesRequests.php(376): Illuminate\\Container\\Container->call(Array, Array)
#8 D:\\Intero and Web\\api-film\\vendor\\laravel\\lumen-framework\\src\\Concerns\\RoutesRequests.php(342): Laravel\\Lumen\\Application->callControllerCallable(Array, Array)
#9 D:\\Intero and Web\\api-film\\vendor\\laravel\\lumen-framework\\src\\Concerns\\RoutesRequests.php(316): Laravel\\Lumen\\Application->callLumenController(Object(App\\Http\\Controllers\\FilmController), 'update', Array)
#10 D:\\Intero and Web\\api-film\\vendor\\laravel\\lumen-framework\\src\\Concerns\\RoutesRequests.php(278): Laravel\\Lumen\\Application->callControllerAction(Array)
#11 D:\\Intero and Web\\api-film\\vendor\\laravel\\lumen-framework\\src\\Concerns\\RoutesRequests.php(263): Laravel\\Lumen\\Application->callActionOnArrayBasedRoute(Array)
#12 D:\\Intero and Web\\api-film\\vendor\\laravel\\lumen-framework\\src\\Concerns\\RoutesRequests.php(233): Laravel\\Lumen\\Application->handleFoundRoute(Array)
#13 D:\\Intero and Web\\api-film\\vendor\\laravel\\lumen-framework\\src\\Concerns\\RoutesRequests.php(169): Laravel\\Lumen\\Application->handleDispatcherResponse(Array)
#14 [internal function]: Laravel\\Lumen\\Application->Laravel\\Lumen\\Concerns\\{closure}(Object(Laravel\\Lumen\\Http\\Request))
#15 D:\\Intero and Web\\api-film\\vendor\\laravel\\lumen-framework\\src\\Routing\\Pipeline.php(48): call_user_func(Object(Closure), Object(Laravel\\Lumen\\Http\\Request))
#16 D:\\Intero and Web\\api-film\\app\\Http\\Middleware\\CorsMiddleware.php(30): Laravel\\Lumen\\Routing\\Pipeline->Laravel\\Lumen\\Routing\\{closure}(Object(Laravel\\Lumen\\Http\\Request))
#17 D:\\Intero and Web\\api-film\\vendor\\illuminate\\pipeline\\Pipeline.php(167): App\\Http\\Middleware\\CorsMiddleware->handle(Object(Laravel\\Lumen\\Http\\Request), Object(Closure))
#18 [internal function]: Illuminate\\Pipeline\\Pipeline->Illuminate\\Pipeline\\{closure}(Object(Laravel\\Lumen\\Http\\Request))
#19 D:\\Intero and Web\\api-film\\vendor\\laravel\\lumen-framework\\src\\Routing\\Pipeline.php(30): call_user_func(Object(Closure), Object(Laravel\\Lumen\\Http\\Request))
#20 D:\\Intero and Web\\api-film\\app\\Http\\Middleware\\ExampleMiddleware.php(18): Laravel\\Lumen\\Routing\\Pipeline->Laravel\\Lumen\\Routing\\{closure}(Object(Laravel\\Lumen\\Http\\Request))
#21 D:\\Intero and Web\\api-film\\vendor\\illuminate\\pipeline\\Pipeline.php(167): App\\Http\\Middleware\\ExampleMiddleware->handle(Object(Laravel\\Lumen\\Http\\Request), Object(Closure))
#22 [internal function]: Illuminate\\Pipeline\\Pipeline->Illuminate\\Pipeline\\{closure}(Object(Laravel\\Lumen\\Http\\Request))
#23 D:\\Intero and Web\\api-film\\vendor\\laravel\\lumen-framework\\src\\Routing\\Pipeline.php(30): call_user_func(Object(Closure), Object(Laravel\\Lumen\\Http\\Request))
#24 D:\\Intero and Web\\api-film\\vendor\\illuminate\\pipeline\\Pipeline.php(103): Laravel\\Lumen\\Routing\\Pipeline->Laravel\\Lumen\\Routing\\{closure}(Object(Laravel\\Lumen\\Http\\Request))
#25 D:\\Intero and Web\\api-film\\vendor\\laravel\\lumen-framework\\src\\Concerns\\RoutesRequests.php(413): Illuminate\\Pipeline\\Pipeline->then(Object(Closure))
#26 D:\\Intero and Web\\api-film\\vendor\\laravel\\lumen-framework\\src\\Concerns\\RoutesRequests.php(171): Laravel\\Lumen\\Application->sendThroughPipeline(Array, Object(Closure))
#27 D:\\Intero and Web\\api-film\\vendor\\laravel\\lumen-framework\\src\\Concerns\\RoutesRequests.php(108): Laravel\\Lumen\\Application->dispatch(NULL)
#28 D:\\Intero and Web\\api-film\\public\\index.php(28): Laravel\\Lumen\\Application->run()
#29 {main}
"} 
